  * Caracteristicas de la cache: 

Bloques en cache: 64
Conjuntos en cache: 64
Bits en offset: 4
Bits en tag: 22
Bits en set: 6
Tamaño efectivo: 1KB
Tamaño real: 1.2KB
Accesos: 112
Aciertos: 50.89%
Fallos: 49.11%

 * Informacion de bloques: 

 ********** Conjunto 0
 * N° Bloque 0
 * Valido: 1
 * Tag: 0010111100110010101000
 * Dato: 00101111001100101010000001101101

 ********** Conjunto 1
 * N° Bloque 1
 * Valido: 0
 * Tag: 0000000000000000000000
 * Dato: 00000000000000000000000000000000

 ********** Conjunto 2
 * N° Bloque 2
 * Valido: 0
 * Tag: 0000000000000000000000
 * Dato: 00000000000000000000000000000000

 ********** Conjunto 3
 * N° Bloque 3
 * Valido: 1
 * Tag: 0010101001101010010011
 * Dato: 00101010011010100100110000111111

 ********** Conjunto 4
 * N° Bloque 4
 * Valido: 1
 * Tag: 0110111101001010001111
 * Dato: 01101111010010100011110001001111

 ********** Conjunto 5
 * N° Bloque 5
 * Valido: 1
 * Tag: 0101110001011101010111
 * Dato: 01011100010111010101110001011101

 ********** Conjunto 6
 * N° Bloque 6
 * Valido: 1
 * Tag: 0011001011110010101000
 * Dato: 00110010111100101010000001101101

 ********** Conjunto 7
 * N° Bloque 7
 * Valido: 1
 * Tag: 0101101001011111010111
 * Dato: 01011010010111110101110001111111

 ********** Conjunto 8
 * N° Bloque 8
 * Valido: 1
 * Tag: 0101100000010100101100
 * Dato: 01011000000101001011000010001010

 ********** Conjunto 9
 * N° Bloque 9
 * Valido: 0
 * Tag: 0000000000000000000000
 * Dato: 00000000000000000000000000000000

 ********** Conjunto 10
 * N° Bloque 10
 * Valido: 1
 * Tag: 0010100011110010101100
 * Dato: 00101000111100101011000010101001

 ********** Conjunto 11
 * N° Bloque 11
 * Valido: 0
 * Tag: 0000000000000000000000
 * Dato: 00000000000000000000000000000000

 ********** Conjunto 12
 * N° Bloque 12
 * Valido: 0
 * Tag: 0000000000000000000000
 * Dato: 00000000000000000000000000000000

 ********** Conjunto 13
 * N° Bloque 13
 * Valido: 1
 * Tag: 1000011011111001110100
 * Dato: 10000110111110011101000011011110

 ********** Conjunto 14
 * N° Bloque 14
 * Valido: 0
 * Tag: 0000000000000000000000
 * Dato: 00000000000000000000000000000000

 ********** Conjunto 15
 * N° Bloque 15
 * Valido: 0
 * Tag: 0000000000000000000000
 * Dato: 00000000000000000000000000000000

 ********** Conjunto 16
 * N° Bloque 16
 * Valido: 0
 * Tag: 0000000000000000000000
 * Dato: 00000000000000000000000000000000

 ********** Conjunto 17
 * N° Bloque 17
 * Valido: 0
 * Tag: 0000000000000000000000
 * Dato: 00000000000000000000000000000000

 ********** Conjunto 18
 * N° Bloque 18
 * Valido: 0
 * Tag: 0000000000000000000000
 * Dato: 00000000000000000000000000000000

 ********** Conjunto 19
 * N° Bloque 19
 * Valido: 0
 * Tag: 0000000000000000000000
 * Dato: 00000000000000000000000000000000

 ********** Conjunto 20
 * N° Bloque 20
 * Valido: 0
 * Tag: 0000000000000000000000
 * Dato: 00000000000000000000000000000000

 ********** Conjunto 21
 * N° Bloque 21
 * Valido: 1
 * Tag: 0101110101011100010111
 * Dato: 01011101010111000101110101011100

 ********** Conjunto 22
 * N° Bloque 22
 * Valido: 0
 * Tag: 0000000000000000000000
 * Dato: 00000000000000000000000000000000

 ********** Conjunto 23
 * N° Bloque 23
 * Valido: 0
 * Tag: 0000000000000000000000
 * Dato: 00000000000000000000000000000000

 ********** Conjunto 24
 * N° Bloque 24
 * Valido: 0
 * Tag: 0000000000000000000000
 * Dato: 00000000000000000000000000000000

 ********** Conjunto 25
 * N° Bloque 25
 * Valido: 1
 * Tag: 1001011100100110011001
 * Dato: 10010111001001100110010110011010

 ********** Conjunto 26
 * N° Bloque 26
 * Valido: 0
 * Tag: 0000000000000000000000
 * Dato: 00000000000000000000000000000000

 ********** Conjunto 27
 * N° Bloque 27
 * Valido: 0
 * Tag: 0000000000000000000000
 * Dato: 00000000000000000000000000000000

 ********** Conjunto 28
 * N° Bloque 28
 * Valido: 0
 * Tag: 0000000000000000000000
 * Dato: 00000000000000000000000000000000

 ********** Conjunto 29
 * N° Bloque 29
 * Valido: 0
 * Tag: 0000000000000000000000
 * Dato: 00000000000000000000000000000000

 ********** Conjunto 30
 * N° Bloque 30
 * Valido: 0
 * Tag: 0000000000000000000000
 * Dato: 00000000000000000000000000000000

 ********** Conjunto 31
 * N° Bloque 31
 * Valido: 0
 * Tag: 0000000000000000000000
 * Dato: 00000000000000000000000000000000

 ********** Conjunto 32
 * N° Bloque 32
 * Valido: 1
 * Tag: 0001101100011111011010
 * Dato: 00011011000111110110101000001111

 ********** Conjunto 33
 * N° Bloque 33
 * Valido: 0
 * Tag: 0000000000000000000000
 * Dato: 00000000000000000000000000000000

 ********** Conjunto 34
 * N° Bloque 34
 * Valido: 0
 * Tag: 0000000000000000000000
 * Dato: 00000000000000000000000000000000

 ********** Conjunto 35
 * N° Bloque 35
 * Valido: 1
 * Tag: 0001101001101100010010
 * Dato: 00011010011011000100101000111100

 ********** Conjunto 36
 * N° Bloque 36
 * Valido: 0
 * Tag: 0000000000000000000000
 * Dato: 00000000000000000000000000000000

 ********** Conjunto 37
 * N° Bloque 37
 * Valido: 1
 * Tag: 0101110001011111010110
 * Dato: 01011100010111110101101001011111

 ********** Conjunto 38
 * N° Bloque 38
 * Valido: 1
 * Tag: 0100111001101100010011
 * Dato: 01001110011011000100111001101011

 ********** Conjunto 39
 * N° Bloque 39
 * Valido: 1
 * Tag: 0101100110010111001101
 * Dato: 01011001100101110011011001110010

 ********** Conjunto 40
 * N° Bloque 40
 * Valido: 1
 * Tag: 1001001010110110101001
 * Dato: 10010010101101101010011010000101

 ********** Conjunto 41
 * N° Bloque 41
 * Valido: 0
 * Tag: 0000000000000000000000
 * Dato: 00000000000000000000000000000000

 ********** Conjunto 42
 * N° Bloque 42
 * Valido: 0
 * Tag: 0000000000000000000000
 * Dato: 00000000000000000000000000000000

 ********** Conjunto 43
 * N° Bloque 43
 * Valido: 0
 * Tag: 0000000000000000000000
 * Dato: 00000000000000000000000000000000

 ********** Conjunto 44
 * N° Bloque 44
 * Valido: 0
 * Tag: 0000000000000000000000
 * Dato: 00000000000000000000000000000000

 ********** Conjunto 45
 * N° Bloque 45
 * Valido: 0
 * Tag: 0000000000000000000000
 * Dato: 00000000000000000000000000000000

 ********** Conjunto 46
 * N° Bloque 46
 * Valido: 0
 * Tag: 0000000000000000000000
 * Dato: 00000000000000000000000000000000

 ********** Conjunto 47
 * N° Bloque 47
 * Valido: 0
 * Tag: 0000000000000000000000
 * Dato: 00000000000000000000000000000000

 ********** Conjunto 48
 * N° Bloque 48
 * Valido: 0
 * Tag: 0000000000000000000000
 * Dato: 00000000000000000000000000000000

 ********** Conjunto 49
 * N° Bloque 49
 * Valido: 0
 * Tag: 0000000000000000000000
 * Dato: 00000000000000000000000000000000

 ********** Conjunto 50
 * N° Bloque 50
 * Valido: 0
 * Tag: 0000000000000000000000
 * Dato: 00000000000000000000000000000000

 ********** Conjunto 51
 * N° Bloque 51
 * Valido: 0
 * Tag: 0000000000000000000000
 * Dato: 00000000000000000000000000000000

 ********** Conjunto 52
 * N° Bloque 52
 * Valido: 0
 * Tag: 0000000000000000000000
 * Dato: 00000000000000000000000000000000

 ********** Conjunto 53
 * N° Bloque 53
 * Valido: 1
 * Tag: 0100110101011100000111
 * Dato: 01001101010111000001111101011100

 ********** Conjunto 54
 * N° Bloque 54
 * Valido: 1
 * Tag: 0000111100011011000111
 * Dato: 00001111000110110001111101101010

 ********** Conjunto 55
 * N° Bloque 55
 * Valido: 1
 * Tag: 0000100010110001010011
 * Dato: 00001000101100010100111101110101

 ********** Conjunto 56
 * N° Bloque 56
 * Valido: 0
 * Tag: 0000000000000000000000
 * Dato: 00000000000000000000000000000000

 ********** Conjunto 57
 * N° Bloque 57
 * Valido: 0
 * Tag: 0000000000000000000000
 * Dato: 00000000000000000000000000000000

 ********** Conjunto 58
 * N° Bloque 58
 * Valido: 0
 * Tag: 0000000000000000000000
 * Dato: 00000000000000000000000000000000

 ********** Conjunto 59
 * N° Bloque 59
 * Valido: 0
 * Tag: 0000000000000000000000
 * Dato: 00000000000000000000000000000000

 ********** Conjunto 60
 * N° Bloque 60
 * Valido: 0
 * Tag: 0000000000000000000000
 * Dato: 00000000000000000000000000000000

 ********** Conjunto 61
 * N° Bloque 61
 * Valido: 0
 * Tag: 0000000000000000000000
 * Dato: 00000000000000000000000000000000

 ********** Conjunto 62
 * N° Bloque 62
 * Valido: 0
 * Tag: 0000000000000000000000
 * Dato: 00000000000000000000000000000000

 ********** Conjunto 63
 * N° Bloque 63
 * Valido: 0
 * Tag: 0000000000000000000000
 * Dato: 00000000000000000000000000000000
